<?xml version="1.0" encoding="UTF-8"?>
<testsuite xmlns:xsi="http://www.w3.org/2001/XMLSchema-instance" xsi:noNamespaceSchemaLocation="https://maven.apache.org/surefire/maven-surefire-plugin/xsd/surefire-test-report-3.0.xsd" version="3.0" name="com.qashowcase.cart.ShoppingCartTest" time="0.026" tests="6" errors="0" skipped="0" failures="1">
  <properties>
[...]
</properties>
  <testcase name="tax_isPreciseToTheCent" classname="com.qashowcase.cart.ShoppingCartTest" time="0.008">
    <failure message="Tax should match double-precision arithmetic, not drift due to float rounding ==&gt; expected: &lt;2.9984999999999995&gt; but was: &lt;2.3987999999999996&gt;" type="org.opentest4j.AssertionFailedError"><![CDATA[org.opentest4j.AssertionFailedError: Tax should match double-precision arithmetic, not drift due to float rounding ==> expected: <2.9984999999999995> but was: <2.3987999999999996>
	at org.junit.jupiter.api.AssertionFailureBuilder.build(AssertionFailureBuilder.java:151)
	at org.junit.jupiter.api.AssertionFailureBuilder.buildAndThrow(AssertionFailureBuilder.java:132)
	at org.junit.jupiter.api.AssertEquals.failNotEqual(AssertEquals.java:197)
	at org.junit.jupiter.api.AssertEquals.assertEquals(AssertEquals.java:86)
	at org.junit.jupiter.api.Assertions.assertEquals(Assertions.java:1024)
	at com.qashowcase.cart.ShoppingCartTest.tax_isPreciseToTheCent(ShoppingCartTest.java:117)
	at java.base/java.lang.reflect.Method.invoke(Method.java:565)
	at java.base/java.util.ArrayList.forEach(ArrayList.java:1604)
	at java.base/java.util.ArrayList.forEach(ArrayList.java:1604)
]]></failure>
  </testcase>
  <testcase name="newCustomerDiscount_isIndependentPerCartInstance" classname="com.qashowcase.cart.ShoppingCartTest" time="0.001"/>
  <testcase name="shipping_isFreeWhenSubtotalIsExactlyThreshold" classname="com.qashowcase.cart.ShoppingCartTest" time="0.001"/>
  <testcase name="addItem_throwsWhenNotEnoughStock" classname="com.qashowcase.cart.ShoppingCartTest" time="0.002"/>
  <testcase name="newCustomerDiscount_appliesToFirstTwoItemsOnly" classname="com.qashowcase.cart.ShoppingCartTest" time="0.001"/>
  <testcase name="getMostExpensiveItemName_throwsClearExceptionWhenCartIsEmpty" classname="com.qashowcase.cart.ShoppingCartTest" time="0.002"/>
</testsuite>